01.13.2022 Unzip successful
01.13.2022 CSV imPORT failed
01.13.2022 Validation successful
01.13.2022 Validated data exPORT successful
01.13.2022 Postgis extension failed
01.13.2022 Table creation successful
01.13.2022 Unzip successful
01.13.2022 CSV imPORT successful
01.13.2022 Validation successful
01.13.2022 Validated data exPORT successful
01.13.2022 Postgis extension failed
01.13.2022 Table creation successful
01.13.2022 Unzip successful
01.13.2022 CSV imPORT successful
01.13.2022 Validation successful
01.13.2022 Validated data exPORT successful
01.13.2022 Postgis extension failed
01.13.2022 Table creation successful
01.13.2022 Table insert successful
01.13.2022 Mail sending successful
01.13.2022 SQL query successful
01.13.2022 Csv exPORT successful
01.13.2022 Csv zip successful
01.13.2022 Unzip successful
01.13.2022 CSV imPORT successful
01.13.2022 Validation successful
01.13.2022 Validated data exPORT successful
01.13.2022 Postgis extension failed
01.13.2022 Table creation successful
01.13.2022 Table insert successful
01.13.2022 Mail sending successful
01.13.2022 SQL query successful
01.13.2022 Csv exPORT successful
01.13.2022 Csv zip successful
