2022-01-13 10:41:52|   0.0|  0.0|INFORM|Current FME version: FME 2021.2.1.1 (20220104 - Build 21805 - WIN64)
2022-01-13 10:41:52|   0.0|  0.0|INFORM|FME_HOME is 'C:\Program Files\FME\'
2022-01-13 10:41:52|   0.0|  0.0|INFORM|FME Trial Edition (node locked-crc)
2022-01-13 10:41:52|   0.0|  0.0|INFORM|Serial Number: 0
2022-01-13 10:41:52|   0.0|  0.0|INFORM|Temporary License: 7 days left.
2022-01-13 10:41:52|   0.0|  0.0|INFORM|Machine host name is: DESKTOP-0P0ER35
2022-01-13 10:41:52|   0.0|  0.0|INFORM|Locale: pl_PL
2022-01-13 10:41:52|   0.0|  0.0|INFORM|System Encoding: windows-1250
2022-01-13 10:41:52|   0.0|  0.0|INFORM|FME Configuration: FME_BASE is 'no'
2022-01-13 10:41:52|   0.0|  0.0|INFORM|FME Configuration: FME_MF_DIR is 'C:\Users\User\Desktop\StudiaSemestr5\b_d_p\cw9-10/'
2022-01-13 10:41:52|   0.0|  0.0|INFORM|FME Configuration: FME_MF_NAME is 'z2.fmw'
2022-01-13 10:41:52|   0.0|  0.0|INFORM|FME Configuration: FME_PRODUCT_NAME is 'FME(R) 2021.2.1.1'
2022-01-13 10:41:52|   0.0|  0.0|INFORM|Operating System: Microsoft Windows 10 64-bit  (Build 19042)
2022-01-13 10:41:52|   0.0|  0.0|INFORM|FME Platform: WIN64
2022-01-13 10:41:52|   0.0|  0.0|INFORM|System Status: 25.97 GB of disk space available in the FME temporary folder (C:\Users\User\AppData\Local\Temp\wbrun_1642063116489_12804\fmetmp_11)
2022-01-13 10:41:52|   0.0|  0.0|INFORM|System Status: 15.96 GB of physical memory available
2022-01-13 10:41:52|   0.0|  0.0|INFORM|System Status: 63.83 GB of virtual memory available
2022-01-13 10:41:52|   0.0|  0.0|INFORM|START - ProcessID: 24088, peak process memory usage: 41540 kB, current process memory usage: 41540 kB
2022-01-13 10:41:52|   0.0|  0.0|INFORM|FME Configuration: Command line arguments are `C:\Program Files\FME\fme.exe' `C:/Users/User/Desktop/StudiaSemestr5/b_d_p/cw9-10\wb-xlate-1642066910454_12804' `LOG_STANDARDOUT' `YES' `LogCountServerName' `{634e55e9-d405-4539-ab67-3990c4475de3}'
2022-01-13 10:41:52|   0.0|  0.0|INFORM|FME Configuration: Connection Storage: 'C:\Users\User\AppData\Roaming\Safe Software\FME\'
2022-01-13 10:41:52|   0.0|  0.0|INFORM|Shared folders for formats are : C:\Program Files\FME\datasources;C:\Users\User\Documents\FME\Formats
2022-01-13 10:41:52|   0.0|  0.0|INFORM|Shared folders for transformers are : C:\Users\User\AppData\Roaming\Safe Software\FME\Packages\21805-win64\transformers;C:\Program Files\FME\transformers;C:\Users\User\AppData\Roaming\Safe Software\FME\FME Store\Transformers
2022-01-13 10:41:52|   0.0|  0.0|INFORM|Shared folders for coordinate systems are : C:\Users\User\Documents\FME\CoordinateSystems
2022-01-13 10:41:52|   0.0|  0.0|INFORM|Shared folders for coordinate system exceptions are : C:\Users\User\Documents\FME\CoordinateSystemExceptions
2022-01-13 10:41:52|   0.0|  0.0|INFORM|Shared folders for coordinate system grid overrides are : C:\Users\User\Documents\FME\CoordinateSystemGridOverrides
2022-01-13 10:41:52|   0.0|  0.0|INFORM|Shared folders for CS-MAP transformation exceptions are : C:\Users\User\Documents\FME\CsmapTransformationExceptions
2022-01-13 10:41:52|   0.0|  0.0|INFORM|Shared folders for transformer categories are : C:\Users\User\Documents\FME\TransformerCategories
2022-01-13 10:41:52|   0.0|  0.0|INFORM|FME Configuration: Reader Keyword is `MULTI_READER'
2022-01-13 10:41:52|   0.0|  0.0|INFORM|FME Configuration: Writer Keyword is `MULTI_WRITER'
2022-01-13 10:41:52|   0.0|  0.0|INFORM|FME Configuration: Writer Group Definition Keyword is `MULTI_WRITER_DEF'
2022-01-13 10:41:52|   0.0|  0.0|INFORM|FME Configuration: Reader type is `MULTI_READER'
2022-01-13 10:41:52|   0.0|  0.0|INFORM|FME Configuration: Writer type is `MULTI_WRITER'
2022-01-13 10:41:52|   0.0|  0.0|INFORM|FME Configuration: No destination coordinate system set
2022-01-13 10:41:52|   0.0|  0.0|INFORM|FME Configuration: Current working folder is `C:\Users\User\Desktop\StudiaSemestr5\b_d_p\cw9-10'
2022-01-13 10:41:52|   0.0|  0.0|INFORM|FME Configuration: Temporary folder is `C:\Users\User\AppData\Local\Temp\wbrun_1642063116489_12804\fmetmp_11', set from environment variable `FME_TEMP'
2022-01-13 10:41:52|   0.0|  0.0|INFORM|FME Configuration: Cache folder is 'C:\Users\User\AppData\Local\Temp'
2022-01-13 10:41:52|   0.0|  0.0|INFORM|FME Configuration: FME_HOME is `C:\Program Files\FME\'
2022-01-13 10:41:52|   0.0|  0.0|INFORM|FME Configuration: Start freeing memory when the process exceeds 47.87 GB
2022-01-13 10:41:52|   0.0|  0.0|INFORM|FME Configuration: Stop freeing memory when the process is below 35.90 GB
2022-01-13 10:41:52|   0.0|  0.0|INFORM|Creating writer for format: 
2022-01-13 10:41:52|   0.0|  0.0|INFORM|Creating reader for format: 
2022-01-13 10:41:52|   0.0|  0.0|INFORM|MULTI_READER(MULTI_READER): Will fail with first member reader failure
2022-01-13 10:41:52|   0.0|  0.0|INFORM|MULTI_READER(MULTI_READER): Adding TIFF Reader with keyword TIFF_2
2022-01-13 10:41:52|   0.0|  0.0|INFORM|Using Multi Reader with keyword `MULTI_READER' to read multiple datasets
2022-01-13 10:41:52|   0.1|  0.1|INFORM|FME Configuration: Reading 56 dataset(s) with TIFF reader identified by TIFF_2
2022-01-13 10:41:52|   0.1|  0.0|INFORM|Creating reader for format: TIFF (Tagged Image File Format)
2022-01-13 10:41:52|   0.1|  0.0|INFORM|MULTI_READER(TIFF_2): Will continue past member reader failures
2022-01-13 10:41:52|   0.1|  0.0|INFORM|MULTI_READER(TIFF_2): Adding TIFF Reader with keyword TIFF_2
2022-01-13 10:41:52|   0.1|  0.0|INFORM|Using Multi Reader with keyword `TIFF_2' to read multiple datasets
2022-01-13 10:41:52|   0.1|  0.0|INFORM|Creating reader for format: TIFF (Tagged Image File Format)
2022-01-13 10:41:52|   0.2|  0.1|INFORM|Trying to find a DYNAMIC plugin for reader named `TIFF'
2022-01-13 10:41:52|   0.2|  0.0|INFORM|Loaded module 'TIFF' from file 'C:\Program Files\FME\plugins/gdal/GDAL.dll'
2022-01-13 10:41:52|   0.2|  0.0|INFORM|FME API version of module 'TIFF' matches current internal version (3.8 20210302)
2022-01-13 10:41:52|   0.2|  0.0|INFORM|TIFF reader: Opening file 'C:\Users\User\Downloads\ras250_gb\ras250_gb\data\HP.tif'
2022-01-13 10:41:52|   0.2|  0.0|INFORM|Using MultiWriter with keyword `MULTI_WRITER' to output data (ID_ATTRIBUTE is `multi_writer_id')
2022-01-13 10:41:52|   0.2|  0.0|INFORM|Writer output will be ordered by value of multi_writer_id
2022-01-13 10:41:52|   0.2|  0.0|INFORM|Loaded module 'LogCount_func' from file 'C:\Program Files\FME\plugins/LogCount_func.dll'
2022-01-13 10:41:52|   0.2|  0.0|INFORM|FME API version of module 'LogCount_func' matches current internal version (3.8 20210302)
2022-01-13 10:41:52|   0.2|  0.0|INFORM|FME Configuration: Using FME Reprojection Engine
2022-01-13 10:41:52|   0.2|  0.0|INFORM|Loaded module 'RasterProperties_func' from file 'C:\Program Files\FME\plugins/RasterProperties_func.dll'
2022-01-13 10:41:52|   0.2|  0.0|INFORM|FME API version of module 'RasterProperties_func' matches current internal version (3.8 20210302)
2022-01-13 10:41:52|   0.2|  0.0|INFORM|Loaded module 'PythonFactory' from file 'C:\Program Files\FME\plugins/PythonFactory.dll'
2022-01-13 10:41:52|   0.2|  0.0|INFORM|FME API version of module 'PythonFactory' matches current internal version (3.8 20210302)
2022-01-13 10:41:52|   0.2|  0.0|INFORM|Using Python interpreter from `C:\Program Files\FME\fmepython38\python38.dll' with PYTHONHOME `C:\Program Files\FME\fmepython38'
2022-01-13 10:41:52|   0.2|  0.0|INFORM|Python version 3.8 loaded successfully
2022-01-13 10:41:52|   0.2|  0.0|INFORM|Adding folder `C:\Users\User\Desktop\StudiaSemestr5\b_d_p\cw9-10\' to the python path
2022-01-13 10:41:53|   0.6|  0.4|INFORM|The EPSG number of the FME coordinate system 'OSGB-GPS-2015-OSTN15' is '27700'
2022-01-13 10:41:53|   0.6|  0.0|INFORM|FME Configuration: Source coordinate system for reader TIFF_2[TIFF] set to `OSGB-GPS-2015-OSTN15' as read from input data
2022-01-13 10:41:53|   0.6|  0.0|INFORM|Coordinate System `OSGB-GPS-2015-OSTN15' parameters: CS_NAME=`OSGB-GPS-2015-OSTN15' DESC_NM=`British National Grid (ETRS89 <-> OSGB via OSTN15)' DT_NAME=`ETRS89/01' GROUP=`EUROPE' MAP_SCL=`1' MAX_LAT=`61.14' MAX_LNG=`2.88' MIN_LAT=`49.75' MIN_LNG=`-9.2' PROJ=`OSTN15' QUAD=`1' SCL_RED=`1' SOURCE=`Ordnance Survey, Transformations and OSGM15 User Guide' UNIT=`METER' ZERO_X=`0.001' ZERO_Y=`0.001'
2022-01-13 10:41:53|   0.6|  0.0|STATS |Storing feature(s) to FME feature store file `C:\Users\User\AppData\Local\Temp\wb-cache-z2-yYzbfF\Main_TIFF -1 16 -1  0  71117861c029ae1d6324264043fbe6273e29a2bd.ffsupdating'
2022-01-13 10:41:53|   0.7|  0.1|INFORM|CS-MAP Reprojector: Transformation will be automatically selected for 'OSGB-GPS-2015-OSTN15' -> 'LL-WGS84', and is not guaranteed to remain the same in future releases of FME
2022-01-13 10:41:53|   0.7|  0.0|INFORM|Reprojector: Using transformation `ETRS89/01_to_WGS84,Forward(Geocentric)' when reprojecting from OSGB-GPS-2015-OSTN15 to LL-WGS84
2022-01-13 10:41:53|   0.7|  0.0|INFORM|Reprojector: Reprojecting from source coordinate system 'OSGB-GPS-2015-OSTN15' to destination coordinate system 'LL-WGS84'
2022-01-13 10:41:53|   0.7|  0.0|INFORM|Reprojector: Recalculating raster number of rows and columns from (4000, 4000) to (4055, 4062)
2022-01-13 10:41:53|   0.7|  0.0|INFORM|Reprojector: Recalculating raster cell size from (25, 25) to (0.00046399532592785435, 0.00022437105078520393)
2022-01-13 10:41:53|   0.7|  0.0|INFORM|Reprojector: Recalculating raster extents from (400000, 1200000), (500000, 1300000) to (-2.001882540089086, 60.67072147418762), (-0.11713352617014161, 61.580546085121625)
2022-01-13 10:41:53|   0.8|  0.1|STATS |Storing feature(s) to FME feature store file `C:\Users\User\AppData\Local\Temp\wb-cache-z2-yYzbfF\Main_Reprojector -1 3 fo 0 REPROJECTED  0  1466e6a48eaaac73edf7f12f06da0930ef71812c.ffsupdating'
2022-01-13 10:41:53|   0.8|  0.0|INFORM|CS-MAP Reprojector: Transformation will be automatically selected for 'LL-WGS84' -> 'OSGB-GPS-2015-OSTN15', and is not guaranteed to remain the same in future releases of FME
2022-01-13 10:41:53|   0.9|  0.1|INFORM|Reprojector: Using transformation `ETRS89/01_to_WGS84,Inverse(Geocentric)' when reprojecting from LL-WGS84 to OSGB-GPS-2015-OSTN15
2022-01-13 10:41:58|   5.7|  4.8|INFORM|FFS writer: Completed 55.01% of intermediate processing
2022-01-13 10:42:02|  10.0|  4.3|INFORM|FFS writer: Completed 100% of intermediate processing
2022-01-13 10:42:02|  10.0|  0.0|STATS |Storing feature(s) to FME feature store file `C:\Users\User\AppData\Local\Temp\wb-cache-z2-yYzbfF\Main_RasterPropertyExtractor -1 5 fo 0 OUTPUT  0  93eee9662ed6b8604348542402452ef851e771e7.ffsupdating'
2022-01-13 10:42:07|  14.9|  4.9|INFORM|FFS writer: Completed 57.55% of intermediate processing
2022-01-13 10:42:11|  18.9|  4.0|INFORM|FFS writer: Completed 100% of intermediate processing
2022-01-13 10:42:11|  18.9|  0.0|STATS |Storing feature(s) to FME feature store file `C:\Users\User\AppData\Local\Temp\wb-cache-z2-yYzbfF\Main_AttributeCreator_3 -1 14 fo 0 OUTPUT  0  02468f635eb8aa37992f12150b44ed8a8c64d320.ffsupdating'
2022-01-13 10:42:16|  23.8|  4.9|INFORM|FFS writer: Completed 56.89% of intermediate processing
2022-01-13 10:42:20|  27.9|  4.1|INFORM|FFS writer: Completed 100% of intermediate processing
2022-01-13 10:42:20|  27.9|  0.0|STATS |Storing feature(s) to FME feature store file `C:\Users\User\AppData\Local\Temp\wb-cache-z2-yYzbfF\FilePropertyExtractor_Input 0 2 0  0  fa50b9c1367ae5ec7044abc3d0993603bc538054.ffsupdating'
2022-01-13 10:42:25|  32.9|  5.0|INFORM|FFS writer: Completed 57.45% of intermediate processing
2022-01-13 10:42:29|  36.9|  4.0|INFORM|FFS writer: Completed 100% of intermediate processing
2022-01-13 10:42:29|  36.9|  0.0|STATS |Storing feature(s) to FME feature store file `C:\Users\User\AppData\Local\Temp\wb-cache-z2-yYzbfF\FilePropertyExtractor_ParameterFetcher 0 5 fo 0 OUTPUT  0  3bf68c0931c18c04b2409bdf1cbe00f7e2718f57.ffsupdating'
2022-01-13 10:42:34|  41.8|  4.9|INFORM|FFS writer: Completed 57.68% of intermediate processing
2022-01-13 10:42:38|  45.7|  3.9|INFORM|FFS writer: Completed 100% of intermediate processing
2022-01-13 10:42:38|  45.7|  0.0|STATS |Storing feature(s) to FME feature store file `C:\Users\User\AppData\Local\Temp\wb-cache-z2-yYzbfF\FilePropertyExtractor_PythonCaller 0 6 fo 0 OUTPUT  0  b4b9f422bc745b8c1911c8e7b9b5dbad466d7b68.ffsupdating'
2022-01-13 10:42:43|  50.7|  5.0|INFORM|FFS writer: Completed 57.53% of intermediate processing
2022-01-13 10:42:47|  54.7|  4.0|INFORM|FFS writer: Completed 100% of intermediate processing
2022-01-13 10:42:47|  54.7|  0.0|STATS |Storing feature(s) to FME feature store file `C:\Users\User\AppData\Local\Temp\wb-cache-z2-yYzbfF\FilePropertyExtractor_Tester 0 7 fo 0 PASSED  0  01b8ade14ec279395c153d5ae830c4c8c2d0f8e6.ffsupdating'
2022-01-13 10:42:52|  59.7|  5.0|INFORM|FFS writer: Completed 56.67% of intermediate processing
2022-01-13 10:42:57|  63.8|  4.1|INFORM|FFS writer: Completed 100% of intermediate processing
2022-01-13 10:42:57|  63.8|  0.0|STATS |Storing feature(s) to FME feature store file `C:\Users\User\AppData\Local\Temp\wb-cache-z2-yYzbfF\FilePropertyExtractor_AttributeRemover 0 9 fo 0 OUTPUT  0  cb404aef74635cd66a3a3a53f0bbd7d98df4bf84.ffsupdating'
2022-01-13 10:43:02|  68.8|  5.0|INFORM|FFS writer: Completed 57.63% of intermediate processing
2022-01-13 10:43:06|  72.7|  3.9|INFORM|FFS writer: Completed 100% of intermediate processing
2022-01-13 10:43:06|  72.8|  0.1|STATS |Storing feature(s) to FME feature store file `C:\Users\User\AppData\Local\Temp\wb-cache-z2-yYzbfF\FilePropertyExtractor_DateFormatter 0 11 fo 0 OUTPUT  0  b71d71f91b9278d3a23906164d0e7d3866bd7f13.ffsupdating'
2022-01-13 10:43:11|  77.7|  4.9|INFORM|FFS writer: Completed 56.86% of intermediate processing
2022-01-13 10:43:15|  81.7|  4.0|INFORM|FFS writer: Completed 100% of intermediate processing
2022-01-13 10:43:15|  81.7|  0.0|STATS |Storing feature(s) to FME feature store file `C:\Users\User\AppData\Local\Temp\wb-cache-z2-yYzbfF\Main_FilePropertyExtractor -1 9 fo 0 Output  0  6210949631e72edbebb6c32a52fa051aa299ebb3.ffsupdating'
2022-01-13 10:43:20|  86.7|  5.0|INFORM|FFS writer: Completed 56.79% of intermediate processing
2022-01-13 10:43:24|  90.7|  4.0|INFORM|FFS writer: Completed 100% of intermediate processing
2022-01-13 10:43:24|  90.7|  0.0|STATS |Storing feature(s) to FME feature store file `C:\Users\User\AppData\Local\Temp\wb-cache-z2-yYzbfF\Main_AttributeCreator_2 -1 8 fo 0 OUTPUT  0  eb642ba22cfe8665b32c1976e19e3ce53af43f0d.ffsupdating'
2022-01-13 10:43:29|  95.7|  5.0|INFORM|FFS writer: Completed 57.06% of intermediate processing
2022-01-13 10:43:33|  99.7|  4.0|INFORM|FFS writer: Completed 100% of intermediate processing
2022-01-13 10:43:33| 100.0|  0.3|INFORM|Creating writer for format: Esri Geodatabase (File Geodb)
2022-01-13 10:43:33| 100.0|  0.0|INFORM|Trying to find a DYNAMIC plugin for writer named `GEODATABASE_FILE'
2022-01-13 10:43:33| 100.1|  0.1|INFORM|Loaded module 'GEODATABASE_FILE' from file 'C:\Program Files\FME\GEODATABASE9.dll'
2022-01-13 10:43:33| 100.1|  0.0|INFORM|FME API version of module 'GEODATABASE_FILE' matches current internal version (3.8 20210302)
2022-01-13 10:43:33| 100.1|  0.0|INFORM|FME Configuration: No destination coordinate system set
2022-01-13 10:43:33| 100.1|  0.0|INFORM|FME API version of module 'GEODATABASE_FILE' matches current internal version (3.8 20210302)
2022-01-13 10:43:33| 100.1|  0.0|INFORM|Writer `GEODATABASE_FILE_1' of type `GEODATABASE_FILE' using group definition keyword `GEODATABASE_FILE_1_DEF'
2022-01-13 10:43:33| 100.1|  0.0|INFORM|FME API version of module 'GEODATABASE_FILE' matches current internal version (3.8 20210302)
2022-01-13 10:43:36| 100.8|  0.7|INFORM|The ArcObjects license 'Advanced' is being selected from the ESRILicenseInfo ArcObjects call
2022-01-13 10:43:36| 101.2|  0.4|INFORM|FME has checked out an Esri license. The product checked out is 'Advanced'
2022-01-13 10:43:36| 101.2|  0.0|INFORM|Installed ArcGIS version is '2.9.0'
2022-01-13 10:43:36| 101.3|  0.1|ERROR |Could not create the File Geodatabase 'C:\Users\User\Downloads\Results.gdb'. A possible reason is that you may not have permission to create the Geodatabase. The error number from ArcObjects is: '-2147220902'. The error message from ArcObjects is: {}
2022-01-13 10:43:36| 101.3|  0.0|ERROR |GEODATABASE_FILE writer: A fatal error has occurred. Check the logfile above for details
2022-01-13 10:43:36| 101.3|  0.0|ERROR |A fatal error has occurred. Check the logfile above for details
2022-01-13 10:43:36| 101.3|  0.0|ERROR |Bridge failed to output feature on tag `PYOUTPUT'
2022-01-13 10:43:36| 101.3|  0.0|FATAL |FilePropertyExtractor_PythonCaller (PythonFactory): PythonFactory failed to process feature
2022-01-13 10:43:36| 101.3|  0.0|ERROR |FilePropertyExtractor_PythonCaller (PythonFactory): A fatal error has occurred. Check the logfile above for details
2022-01-13 10:43:36| 101.3|  0.0|INFORM|Closing the Esri Geodatabase writer
2022-01-13 10:43:36| 101.3|  0.0|INFORM|=-=-=-=-=-=-=-=-=-=-=-=-=-=-=-=-=-=-=-=-=-=-=-=-=-=-=-=-=-=-=-=-=-=-=-=-=-=-=-
2022-01-13 10:43:36| 101.3|  0.0|INFORM|Feature output statistics for `GEODATABASE_FILE' writer using keyword `GEODATABASE_FILE_1':
2022-01-13 10:43:36| 101.3|  0.0|STATS |=-=-=-=-=-=-=-=-=-=-=-=-=-=-=-=-=-=-=-=-=-=-=-=-=-=-=-=-=-=-=-=-=-=-=-=-=-=-=-
2022-01-13 10:43:36| 101.3|  0.0|STATS |                               Features Written
2022-01-13 10:43:36| 101.3|  0.0|STATS |=-=-=-=-=-=-=-=-=-=-=-=-=-=-=-=-=-=-=-=-=-=-=-=-=-=-=-=-=-=-=-=-=-=-=-=-=-=-=-
2022-01-13 10:43:36| 101.3|  0.0|STATS |==============================================================================
2022-01-13 10:43:36| 101.3|  0.0|STATS |Total Features Written                                                       0
2022-01-13 10:43:36| 101.3|  0.0|STATS |=-=-=-=-=-=-=-=-=-=-=-=-=-=-=-=-=-=-=-=-=-=-=-=-=-=-=-=-=-=-=-=-=-=-=-=-=-=-=-
2022-01-13 10:43:36| 101.3|  0.0|STATS |Stored 1 feature(s) to FME feature store file `C:\Users\User\AppData\Local\Temp\wb-cache-z2-yYzbfF\FilePropertyExtractor_PythonCaller 0 6 fo 0 OUTPUT  0  b4b9f422bc745b8c1911c8e7b9b5dbad466d7b68.ffsupdating'
2022-01-13 10:43:36| 101.3|  0.0|INFORM|Saving spatial index into file 'C:\Users\User\AppData\Local\Temp\wb-cache-z2-yYzbfF\FilePropertyExtractor_PythonCaller 0 6 fo 0 OUTPUT  0  b4b9f422bc745b8c1911c8e7b9b5dbad466d7b68.fsi'
2022-01-13 10:43:36| 101.3|  0.0|INFORM|Finished saving spatial index into file 'C:\Users\User\AppData\Local\Temp\wb-cache-z2-yYzbfF\FilePropertyExtractor_PythonCaller 0 6 fo 0 OUTPUT  0  b4b9f422bc745b8c1911c8e7b9b5dbad466d7b68.fsi'
2022-01-13 10:43:36| 101.3|  0.0|STATS |Stored 1 feature(s) to FME feature store file `C:\Users\User\AppData\Local\Temp\wb-cache-z2-yYzbfF\Main_TIFF -1 16 -1  0  71117861c029ae1d6324264043fbe6273e29a2bd.ffsupdating'
2022-01-13 10:43:36| 101.3|  0.0|INFORM|Saving spatial index into file 'C:\Users\User\AppData\Local\Temp\wb-cache-z2-yYzbfF\Main_TIFF -1 16 -1  0  71117861c029ae1d6324264043fbe6273e29a2bd.fsi'
2022-01-13 10:43:36| 101.3|  0.0|INFORM|Finished saving spatial index into file 'C:\Users\User\AppData\Local\Temp\wb-cache-z2-yYzbfF\Main_TIFF -1 16 -1  0  71117861c029ae1d6324264043fbe6273e29a2bd.fsi'
2022-01-13 10:43:36| 101.3|  0.0|STATS |Stored 1 feature(s) to FME feature store file `C:\Users\User\AppData\Local\Temp\wb-cache-z2-yYzbfF\Main_Reprojector -1 3 fo 0 REPROJECTED  0  1466e6a48eaaac73edf7f12f06da0930ef71812c.ffsupdating'
2022-01-13 10:43:36| 101.3|  0.0|INFORM|Saving spatial index into file 'C:\Users\User\AppData\Local\Temp\wb-cache-z2-yYzbfF\Main_Reprojector -1 3 fo 0 REPROJECTED  0  1466e6a48eaaac73edf7f12f06da0930ef71812c.fsi'
2022-01-13 10:43:36| 101.3|  0.0|INFORM|Finished saving spatial index into file 'C:\Users\User\AppData\Local\Temp\wb-cache-z2-yYzbfF\Main_Reprojector -1 3 fo 0 REPROJECTED  0  1466e6a48eaaac73edf7f12f06da0930ef71812c.fsi'
2022-01-13 10:43:36| 101.3|  0.0|STATS |Stored 1 feature(s) to FME feature store file `C:\Users\User\AppData\Local\Temp\wb-cache-z2-yYzbfF\FilePropertyExtractor_Input 0 2 0  0  fa50b9c1367ae5ec7044abc3d0993603bc538054.ffsupdating'
2022-01-13 10:43:36| 101.3|  0.0|INFORM|Saving spatial index into file 'C:\Users\User\AppData\Local\Temp\wb-cache-z2-yYzbfF\FilePropertyExtractor_Input 0 2 0  0  fa50b9c1367ae5ec7044abc3d0993603bc538054.fsi'
2022-01-13 10:43:36| 101.3|  0.0|INFORM|Finished saving spatial index into file 'C:\Users\User\AppData\Local\Temp\wb-cache-z2-yYzbfF\FilePropertyExtractor_Input 0 2 0  0  fa50b9c1367ae5ec7044abc3d0993603bc538054.fsi'
2022-01-13 10:43:36| 101.3|  0.0|STATS |Stored 1 feature(s) to FME feature store file `C:\Users\User\AppData\Local\Temp\wb-cache-z2-yYzbfF\Main_RasterPropertyExtractor -1 5 fo 0 OUTPUT  0  93eee9662ed6b8604348542402452ef851e771e7.ffsupdating'
2022-01-13 10:43:36| 101.3|  0.0|INFORM|Saving spatial index into file 'C:\Users\User\AppData\Local\Temp\wb-cache-z2-yYzbfF\Main_RasterPropertyExtractor -1 5 fo 0 OUTPUT  0  93eee9662ed6b8604348542402452ef851e771e7.fsi'
2022-01-13 10:43:36| 101.3|  0.0|INFORM|Finished saving spatial index into file 'C:\Users\User\AppData\Local\Temp\wb-cache-z2-yYzbfF\Main_RasterPropertyExtractor -1 5 fo 0 OUTPUT  0  93eee9662ed6b8604348542402452ef851e771e7.fsi'
2022-01-13 10:43:36| 101.3|  0.0|STATS |Stored 1 feature(s) to FME feature store file `C:\Users\User\AppData\Local\Temp\wb-cache-z2-yYzbfF\FilePropertyExtractor_ParameterFetcher 0 5 fo 0 OUTPUT  0  3bf68c0931c18c04b2409bdf1cbe00f7e2718f57.ffsupdating'
2022-01-13 10:43:36| 101.3|  0.0|INFORM|Saving spatial index into file 'C:\Users\User\AppData\Local\Temp\wb-cache-z2-yYzbfF\FilePropertyExtractor_ParameterFetcher 0 5 fo 0 OUTPUT  0  3bf68c0931c18c04b2409bdf1cbe00f7e2718f57.fsi'
2022-01-13 10:43:36| 101.3|  0.0|INFORM|Finished saving spatial index into file 'C:\Users\User\AppData\Local\Temp\wb-cache-z2-yYzbfF\FilePropertyExtractor_ParameterFetcher 0 5 fo 0 OUTPUT  0  3bf68c0931c18c04b2409bdf1cbe00f7e2718f57.fsi'
2022-01-13 10:43:36| 101.3|  0.0|STATS |Stored 1 feature(s) to FME feature store file `C:\Users\User\AppData\Local\Temp\wb-cache-z2-yYzbfF\Main_AttributeCreator_3 -1 14 fo 0 OUTPUT  0  02468f635eb8aa37992f12150b44ed8a8c64d320.ffsupdating'
2022-01-13 10:43:36| 101.3|  0.0|INFORM|Saving spatial index into file 'C:\Users\User\AppData\Local\Temp\wb-cache-z2-yYzbfF\Main_AttributeCreator_3 -1 14 fo 0 OUTPUT  0  02468f635eb8aa37992f12150b44ed8a8c64d320.fsi'
2022-01-13 10:43:36| 101.3|  0.0|INFORM|Finished saving spatial index into file 'C:\Users\User\AppData\Local\Temp\wb-cache-z2-yYzbfF\Main_AttributeCreator_3 -1 14 fo 0 OUTPUT  0  02468f635eb8aa37992f12150b44ed8a8c64d320.fsi'
2022-01-13 10:43:36| 101.3|  0.0|STATS |Stored 1 feature(s) to FME feature store file `C:\Users\User\AppData\Local\Temp\wb-cache-z2-yYzbfF\FilePropertyExtractor_Tester 0 7 fo 0 PASSED  0  01b8ade14ec279395c153d5ae830c4c8c2d0f8e6.ffsupdating'
2022-01-13 10:43:36| 101.3|  0.0|INFORM|Saving spatial index into file 'C:\Users\User\AppData\Local\Temp\wb-cache-z2-yYzbfF\FilePropertyExtractor_Tester 0 7 fo 0 PASSED  0  01b8ade14ec279395c153d5ae830c4c8c2d0f8e6.fsi'
2022-01-13 10:43:36| 101.3|  0.0|INFORM|Finished saving spatial index into file 'C:\Users\User\AppData\Local\Temp\wb-cache-z2-yYzbfF\FilePropertyExtractor_Tester 0 7 fo 0 PASSED  0  01b8ade14ec279395c153d5ae830c4c8c2d0f8e6.fsi'
2022-01-13 10:43:36| 101.3|  0.0|STATS |Stored 1 feature(s) to FME feature store file `C:\Users\User\AppData\Local\Temp\wb-cache-z2-yYzbfF\FilePropertyExtractor_AttributeRemover 0 9 fo 0 OUTPUT  0  cb404aef74635cd66a3a3a53f0bbd7d98df4bf84.ffsupdating'
2022-01-13 10:43:36| 101.3|  0.0|INFORM|Saving spatial index into file 'C:\Users\User\AppData\Local\Temp\wb-cache-z2-yYzbfF\FilePropertyExtractor_AttributeRemover 0 9 fo 0 OUTPUT  0  cb404aef74635cd66a3a3a53f0bbd7d98df4bf84.fsi'
2022-01-13 10:43:36| 101.3|  0.0|INFORM|Finished saving spatial index into file 'C:\Users\User\AppData\Local\Temp\wb-cache-z2-yYzbfF\FilePropertyExtractor_AttributeRemover 0 9 fo 0 OUTPUT  0  cb404aef74635cd66a3a3a53f0bbd7d98df4bf84.fsi'
2022-01-13 10:43:36| 101.3|  0.0|STATS |Stored 1 feature(s) to FME feature store file `C:\Users\User\AppData\Local\Temp\wb-cache-z2-yYzbfF\FilePropertyExtractor_DateFormatter 0 11 fo 0 OUTPUT  0  b71d71f91b9278d3a23906164d0e7d3866bd7f13.ffsupdating'
2022-01-13 10:43:36| 101.3|  0.0|INFORM|Saving spatial index into file 'C:\Users\User\AppData\Local\Temp\wb-cache-z2-yYzbfF\FilePropertyExtractor_DateFormatter 0 11 fo 0 OUTPUT  0  b71d71f91b9278d3a23906164d0e7d3866bd7f13.fsi'
2022-01-13 10:43:36| 101.3|  0.0|INFORM|Finished saving spatial index into file 'C:\Users\User\AppData\Local\Temp\wb-cache-z2-yYzbfF\FilePropertyExtractor_DateFormatter 0 11 fo 0 OUTPUT  0  b71d71f91b9278d3a23906164d0e7d3866bd7f13.fsi'
2022-01-13 10:43:36| 101.3|  0.0|STATS |Stored 1 feature(s) to FME feature store file `C:\Users\User\AppData\Local\Temp\wb-cache-z2-yYzbfF\Main_FilePropertyExtractor -1 9 fo 0 Output  0  6210949631e72edbebb6c32a52fa051aa299ebb3.ffsupdating'
2022-01-13 10:43:36| 101.3|  0.0|INFORM|Saving spatial index into file 'C:\Users\User\AppData\Local\Temp\wb-cache-z2-yYzbfF\Main_FilePropertyExtractor -1 9 fo 0 Output  0  6210949631e72edbebb6c32a52fa051aa299ebb3.fsi'
2022-01-13 10:43:36| 101.3|  0.0|INFORM|Finished saving spatial index into file 'C:\Users\User\AppData\Local\Temp\wb-cache-z2-yYzbfF\Main_FilePropertyExtractor -1 9 fo 0 Output  0  6210949631e72edbebb6c32a52fa051aa299ebb3.fsi'
2022-01-13 10:43:36| 101.3|  0.0|STATS |Stored 1 feature(s) to FME feature store file `C:\Users\User\AppData\Local\Temp\wb-cache-z2-yYzbfF\Main_AttributeCreator_2 -1 8 fo 0 OUTPUT  0  eb642ba22cfe8665b32c1976e19e3ce53af43f0d.ffsupdating'
2022-01-13 10:43:36| 101.3|  0.0|INFORM|Saving spatial index into file 'C:\Users\User\AppData\Local\Temp\wb-cache-z2-yYzbfF\Main_AttributeCreator_2 -1 8 fo 0 OUTPUT  0  eb642ba22cfe8665b32c1976e19e3ce53af43f0d.fsi'
2022-01-13 10:43:36| 101.3|  0.0|INFORM|Finished saving spatial index into file 'C:\Users\User\AppData\Local\Temp\wb-cache-z2-yYzbfF\Main_AttributeCreator_2 -1 8 fo 0 OUTPUT  0  eb642ba22cfe8665b32c1976e19e3ce53af43f0d.fsi'
2022-01-13 10:43:36| 101.3|  0.0|ERROR |A fatal error has occurred. Check the logfile above for details
2022-01-13 10:43:36| 101.3|  0.0|INFORM|Translation FAILED with 7 error(s) and 0 warning(s) (1 feature(s) output)
2022-01-13 10:43:36| 101.3|  0.0|INFORM|FME Session Duration: 1 minute 44 seconds. (CPU: 98.4s user, 2.9s system)
2022-01-13 10:43:36| 101.3|  0.0|INFORM|END - ProcessID: 24088, peak process memory usage: 208616 kB, current process memory usage: 157680 kB
